2022-07-27 13:38:33,781 INFO org.springframework.boot.StartupInfoLogger [main] Starting TokenProviderApplication using Java 11.0.14 on lnb035864cps with PID 86218 (/home/alefep/Documentos/projetct-myMusic-toTal/TokenProvider/target/classes started by CIANDT\alefep in /home/alefep/Documentos/projetct-myMusic-toTal)
2022-07-27 13:38:33,783 INFO org.springframework.boot.SpringApplication [main] No active profile set, falling back to default profiles: default
2022-07-27 13:38:35,008 INFO org.springframework.boot.web.embedded.tomcat.TomcatWebServer [main] Tomcat initialized with port(s): 8081 (http)
2022-07-27 13:38:35,030 INFO org.apache.juli.logging.DirectJDKLog [main] Initializing ProtocolHandler ["http-nio-8081"]
2022-07-27 13:38:35,030 INFO org.apache.juli.logging.DirectJDKLog [main] Starting service [Tomcat]
2022-07-27 13:38:35,030 INFO org.apache.juli.logging.DirectJDKLog [main] Starting Servlet engine: [Apache Tomcat/9.0.56]
2022-07-27 13:38:35,115 INFO org.apache.juli.logging.DirectJDKLog [main] Initializing Spring embedded WebApplicationContext
2022-07-27 13:38:35,116 INFO org.springframework.boot.web.servlet.context.ServletWebServerApplicationContext [main] Root WebApplicationContext: initialization completed in 1274 ms
2022-07-27 13:38:35,892 INFO org.springframework.boot.actuate.endpoint.web.EndpointLinksResolver [main] Exposing 1 endpoint(s) beneath base path '/actuator'
2022-07-27 13:38:35,930 INFO org.apache.juli.logging.DirectJDKLog [main] Starting ProtocolHandler ["http-nio-8081"]
2022-07-27 13:38:35,948 INFO org.springframework.boot.web.embedded.tomcat.TomcatWebServer [main] Tomcat started on port(s): 8081 (http) with context path ''
2022-07-27 13:38:35,969 INFO org.springframework.boot.StartupInfoLogger [main] Started TokenProviderApplication in 2.638 seconds (JVM running for 3.156)
2022-07-27 13:39:08,780 INFO org.apache.juli.logging.DirectJDKLog [http-nio-8081-exec-2] Initializing Spring DispatcherServlet 'dispatcherServlet'
2022-07-27 13:39:08,781 INFO org.springframework.web.servlet.FrameworkServlet [http-nio-8081-exec-2] Initializing Servlet 'dispatcherServlet'
2022-07-27 13:39:08,783 INFO org.springframework.web.servlet.FrameworkServlet [http-nio-8081-exec-2] Completed initialization in 2 ms
2022-07-27 13:39:08,853 INFO com.ciandt.token.provider.controllers.TokenController [http-nio-8081-exec-2] Recebido requisição para criação de token para chave: alefep
2022-07-27 13:39:08,914 INFO com.ciandt.token.provider.controllers.TokenController [http-nio-8081-exec-2] Token gerado com sucesso
2022-07-27 13:39:15,992 INFO com.ciandt.token.provider.controllers.TokenAuthorizerController [http-nio-8081-exec-3] Recebido requisição para geração de token: alefep
2022-07-27 13:39:15,997 INFO com.ciandt.token.provider.controllers.TokenAuthorizerController [http-nio-8081-exec-3] Token validado com sucesso
2022-07-27 13:39:20,744 INFO com.ciandt.token.provider.controllers.TokenAuthorizerController [http-nio-8081-exec-4] Recebido requisição para geração de token: alefep
2022-07-27 13:39:20,745 INFO com.ciandt.token.provider.controllers.TokenAuthorizerController [http-nio-8081-exec-4] Token validado com sucesso
