2022-07-26 08:32:52,926 INFO org.springframework.boot.StartupInfoLogger [main] Starting TokenProviderApplication using Java 11.0.14 on lnb035864cps with PID 27089 (/home/alefep/Documentos/projetct-myMusic-toTal/TokenProvider/target/classes started by CIANDT\alefep in /home/alefep/Documentos/projetct-myMusic-toTal)
2022-07-26 08:32:52,928 INFO org.springframework.boot.SpringApplication [main] No active profile set, falling back to default profiles: default
2022-07-26 08:32:53,746 INFO org.springframework.boot.web.embedded.tomcat.TomcatWebServer [main] Tomcat initialized with port(s): 8081 (http)
2022-07-26 08:32:53,755 INFO org.apache.juli.logging.DirectJDKLog [main] Initializing ProtocolHandler ["http-nio-8081"]
2022-07-26 08:32:53,755 INFO org.apache.juli.logging.DirectJDKLog [main] Starting service [Tomcat]
2022-07-26 08:32:53,756 INFO org.apache.juli.logging.DirectJDKLog [main] Starting Servlet engine: [Apache Tomcat/9.0.56]
2022-07-26 08:32:53,798 INFO org.apache.juli.logging.DirectJDKLog [main] Initializing Spring embedded WebApplicationContext
2022-07-26 08:32:53,798 INFO org.springframework.boot.web.servlet.context.ServletWebServerApplicationContext [main] Root WebApplicationContext: initialization completed in 834 ms
2022-07-26 08:32:54,216 INFO org.springframework.boot.actuate.endpoint.web.EndpointLinksResolver [main] Exposing 1 endpoint(s) beneath base path '/actuator'
2022-07-26 08:32:54,232 INFO org.apache.juli.logging.DirectJDKLog [main] Starting ProtocolHandler ["http-nio-8081"]
2022-07-26 08:32:54,242 INFO org.springframework.boot.web.embedded.tomcat.TomcatWebServer [main] Tomcat started on port(s): 8081 (http) with context path ''
2022-07-26 08:32:54,252 INFO org.springframework.boot.StartupInfoLogger [main] Started TokenProviderApplication in 1.732 seconds (JVM running for 2.174)
2022-07-26 08:33:11,411 INFO org.apache.juli.logging.DirectJDKLog [http-nio-8081-exec-2] Initializing Spring DispatcherServlet 'dispatcherServlet'
2022-07-26 08:33:11,412 INFO org.springframework.web.servlet.FrameworkServlet [http-nio-8081-exec-2] Initializing Servlet 'dispatcherServlet'
2022-07-26 08:33:11,413 INFO org.springframework.web.servlet.FrameworkServlet [http-nio-8081-exec-2] Completed initialization in 1 ms
2022-07-26 08:33:11,476 INFO com.ciandt.token.provider.controllers.TokenController [http-nio-8081-exec-2] Recebido requisição para criação de token para chave: alefep
2022-07-26 08:33:11,518 INFO com.ciandt.token.provider.controllers.TokenController [http-nio-8081-exec-2] Token gerado com sucesso
2022-07-26 08:33:26,654 INFO com.ciandt.token.provider.controllers.TokenAuthorizerController [http-nio-8081-exec-3] Recebido requisição para geração de token: alefep
2022-07-26 08:33:26,657 INFO com.ciandt.token.provider.controllers.TokenAuthorizerController [http-nio-8081-exec-3] Token validado com sucesso
2022-07-26 08:33:28,287 INFO com.ciandt.token.provider.controllers.TokenAuthorizerController [http-nio-8081-exec-4] Recebido requisição para geração de token: alefep
2022-07-26 08:33:28,289 INFO com.ciandt.token.provider.controllers.TokenAuthorizerController [http-nio-8081-exec-4] Token validado com sucesso
2022-07-26 08:37:44,556 INFO org.springframework.boot.StartupInfoLogger [main] Starting TokenProviderApplication using Java 11.0.14 on lnb035864cps with PID 29412 (/home/alefep/Documentos/projetct-myMusic-toTal/TokenProvider/target/classes started by CIANDT\alefep in /home/alefep/Documentos/projetct-myMusic-toTal)
2022-07-26 08:37:44,558 INFO org.springframework.boot.SpringApplication [main] No active profile set, falling back to default profiles: default
2022-07-26 08:37:45,675 INFO org.springframework.boot.web.embedded.tomcat.TomcatWebServer [main] Tomcat initialized with port(s): 8081 (http)
2022-07-26 08:37:45,688 INFO org.apache.juli.logging.DirectJDKLog [main] Initializing ProtocolHandler ["http-nio-8081"]
2022-07-26 08:37:45,689 INFO org.apache.juli.logging.DirectJDKLog [main] Starting service [Tomcat]
2022-07-26 08:37:45,689 INFO org.apache.juli.logging.DirectJDKLog [main] Starting Servlet engine: [Apache Tomcat/9.0.56]
2022-07-26 08:37:45,752 INFO org.apache.juli.logging.DirectJDKLog [main] Initializing Spring embedded WebApplicationContext
2022-07-26 08:37:45,753 INFO org.springframework.boot.web.servlet.context.ServletWebServerApplicationContext [main] Root WebApplicationContext: initialization completed in 1134 ms
2022-07-26 08:37:46,338 INFO org.springframework.boot.actuate.endpoint.web.EndpointLinksResolver [main] Exposing 1 endpoint(s) beneath base path '/actuator'
2022-07-26 08:37:46,362 INFO org.apache.juli.logging.DirectJDKLog [main] Starting ProtocolHandler ["http-nio-8081"]
2022-07-26 08:37:46,374 INFO org.springframework.boot.web.embedded.tomcat.TomcatWebServer [main] Tomcat started on port(s): 8081 (http) with context path ''
2022-07-26 08:37:46,386 INFO org.springframework.boot.StartupInfoLogger [main] Started TokenProviderApplication in 2.314 seconds (JVM running for 2.899)
2022-07-26 08:37:50,816 INFO org.apache.juli.logging.DirectJDKLog [http-nio-8081-exec-2] Initializing Spring DispatcherServlet 'dispatcherServlet'
2022-07-26 08:37:50,817 INFO org.springframework.web.servlet.FrameworkServlet [http-nio-8081-exec-2] Initializing Servlet 'dispatcherServlet'
2022-07-26 08:37:50,818 INFO org.springframework.web.servlet.FrameworkServlet [http-nio-8081-exec-2] Completed initialization in 1 ms
2022-07-26 08:37:50,905 INFO com.ciandt.token.provider.controllers.TokenController [http-nio-8081-exec-2] Recebido requisição para criação de token para chave: alefep
2022-07-26 08:37:50,945 INFO com.ciandt.token.provider.controllers.TokenController [http-nio-8081-exec-2] Token gerado com sucesso
2022-07-26 08:37:58,362 INFO com.ciandt.token.provider.controllers.TokenAuthorizerController [http-nio-8081-exec-3] Recebido requisição para geração de token: alefep
2022-07-26 08:37:58,366 INFO com.ciandt.token.provider.controllers.TokenAuthorizerController [http-nio-8081-exec-3] Token validado com sucesso
2022-07-26 08:38:16,303 INFO com.ciandt.token.provider.controllers.TokenAuthorizerController [http-nio-8081-exec-4] Recebido requisição para geração de token: alefep
2022-07-26 08:38:16,304 INFO com.ciandt.token.provider.controllers.TokenAuthorizerController [http-nio-8081-exec-4] Token validado com sucesso
2022-07-26 08:38:21,833 INFO com.ciandt.token.provider.controllers.TokenAuthorizerController [http-nio-8081-exec-5] Recebido requisição para geração de token: alefep
2022-07-26 08:38:21,835 INFO com.ciandt.token.provider.controllers.TokenAuthorizerController [http-nio-8081-exec-5] Token validado com sucesso
2022-07-26 08:38:24,461 INFO com.ciandt.token.provider.controllers.TokenAuthorizerController [http-nio-8081-exec-6] Recebido requisição para geração de token: alefep
2022-07-26 08:38:24,464 INFO com.ciandt.token.provider.controllers.TokenAuthorizerController [http-nio-8081-exec-6] Token validado com sucesso
2022-07-26 08:42:49,233 INFO org.springframework.boot.StartupInfoLogger [main] Starting TokenProviderApplication using Java 11.0.14 on lnb035864cps with PID 30212 (/home/alefep/Documentos/projetct-myMusic-toTal/TokenProvider/target/classes started by CIANDT\alefep in /home/alefep/Documentos/projetct-myMusic-toTal)
2022-07-26 08:42:49,235 INFO org.springframework.boot.SpringApplication [main] No active profile set, falling back to default profiles: default
2022-07-26 08:42:50,553 INFO org.springframework.boot.web.embedded.tomcat.TomcatWebServer [main] Tomcat initialized with port(s): 8081 (http)
2022-07-26 08:42:50,566 INFO org.apache.juli.logging.DirectJDKLog [main] Initializing ProtocolHandler ["http-nio-8081"]
2022-07-26 08:42:50,567 INFO org.apache.juli.logging.DirectJDKLog [main] Starting service [Tomcat]
2022-07-26 08:42:50,567 INFO org.apache.juli.logging.DirectJDKLog [main] Starting Servlet engine: [Apache Tomcat/9.0.56]
2022-07-26 08:42:50,627 INFO org.apache.juli.logging.DirectJDKLog [main] Initializing Spring embedded WebApplicationContext
2022-07-26 08:42:50,629 INFO org.springframework.boot.web.servlet.context.ServletWebServerApplicationContext [main] Root WebApplicationContext: initialization completed in 1350 ms
2022-07-26 08:42:51,569 INFO org.springframework.boot.actuate.endpoint.web.EndpointLinksResolver [main] Exposing 1 endpoint(s) beneath base path '/actuator'
2022-07-26 08:42:51,595 INFO org.apache.juli.logging.DirectJDKLog [main] Starting ProtocolHandler ["http-nio-8081"]
2022-07-26 08:42:51,620 INFO org.springframework.boot.web.embedded.tomcat.TomcatWebServer [main] Tomcat started on port(s): 8081 (http) with context path ''
2022-07-26 08:42:51,647 INFO org.springframework.boot.StartupInfoLogger [main] Started TokenProviderApplication in 2.838 seconds (JVM running for 3.294)
2022-07-26 14:17:09,002 INFO org.springframework.boot.StartupInfoLogger [main] Starting TokenProviderApplication using Java 11.0.16 on lnb035765cps with PID 118203 (/home/leonardoq/Documentos/projetct-myMusic-toTal/TokenProvider/target/classes started by CIANDT\leonardoq in /home/leonardoq/Documentos/projetct-myMusic-toTal)
2022-07-26 14:17:09,004 INFO org.springframework.boot.SpringApplication [main] No active profile set, falling back to default profiles: default
2022-07-26 14:17:09,766 INFO org.springframework.boot.web.embedded.tomcat.TomcatWebServer [main] Tomcat initialized with port(s): 8081 (http)
2022-07-26 14:17:09,774 INFO org.apache.juli.logging.DirectJDKLog [main] Initializing ProtocolHandler ["http-nio-8081"]
2022-07-26 14:17:09,775 INFO org.apache.juli.logging.DirectJDKLog [main] Starting service [Tomcat]
2022-07-26 14:17:09,775 INFO org.apache.juli.logging.DirectJDKLog [main] Starting Servlet engine: [Apache Tomcat/9.0.56]
2022-07-26 14:17:09,827 INFO org.apache.juli.logging.DirectJDKLog [main] Initializing Spring embedded WebApplicationContext
2022-07-26 14:17:09,827 INFO org.springframework.boot.web.servlet.context.ServletWebServerApplicationContext [main] Root WebApplicationContext: initialization completed in 785 ms
2022-07-26 14:17:10,180 INFO org.springframework.boot.actuate.endpoint.web.EndpointLinksResolver [main] Exposing 1 endpoint(s) beneath base path '/actuator'
2022-07-26 14:17:10,203 INFO org.apache.juli.logging.DirectJDKLog [main] Starting ProtocolHandler ["http-nio-8081"]
2022-07-26 14:17:10,212 INFO org.springframework.boot.web.embedded.tomcat.TomcatWebServer [main] Tomcat started on port(s): 8081 (http) with context path ''
2022-07-26 14:17:10,223 INFO org.springframework.boot.StartupInfoLogger [main] Started TokenProviderApplication in 1.586 seconds (JVM running for 2.026)
2022-07-26 14:17:20,018 INFO org.apache.juli.logging.DirectJDKLog [http-nio-8081-exec-2] Initializing Spring DispatcherServlet 'dispatcherServlet'
2022-07-26 14:17:20,019 INFO org.springframework.web.servlet.FrameworkServlet [http-nio-8081-exec-2] Initializing Servlet 'dispatcherServlet'
2022-07-26 14:17:20,020 INFO org.springframework.web.servlet.FrameworkServlet [http-nio-8081-exec-2] Completed initialization in 1 ms
2022-07-26 14:17:20,084 INFO com.ciandt.token.provider.controllers.TokenController [http-nio-8081-exec-2] Recebido requisição para criação de token para chave: leo
2022-07-26 14:17:20,127 INFO com.ciandt.token.provider.controllers.TokenController [http-nio-8081-exec-2] Token gerado com sucesso
2022-07-26 14:38:52,332 INFO org.springframework.boot.StartupInfoLogger [main] Starting TokenProviderApplication using Java 11.0.15 on lnb035853bhz with PID 125298 (/home/shaitj/My Music/projetct-myMusic-toTal/TokenProvider/target/classes started by CIANDT\shaitj in /home/shaitj/My Music/projetct-myMusic-toTal)
2022-07-26 14:38:52,338 INFO org.springframework.boot.SpringApplication [main] No active profile set, falling back to default profiles: default
2022-07-26 14:38:54,396 INFO org.springframework.boot.web.embedded.tomcat.TomcatWebServer [main] Tomcat initialized with port(s): 8081 (http)
2022-07-26 14:38:54,413 INFO org.apache.juli.logging.DirectJDKLog [main] Initializing ProtocolHandler ["http-nio-8081"]
2022-07-26 14:38:54,414 INFO org.apache.juli.logging.DirectJDKLog [main] Starting service [Tomcat]
2022-07-26 14:38:54,414 INFO org.apache.juli.logging.DirectJDKLog [main] Starting Servlet engine: [Apache Tomcat/9.0.56]
2022-07-26 14:38:54,524 INFO org.apache.juli.logging.DirectJDKLog [main] Initializing Spring embedded WebApplicationContext
2022-07-26 14:38:54,524 INFO org.springframework.boot.web.servlet.context.ServletWebServerApplicationContext [main] Root WebApplicationContext: initialization completed in 2077 ms
2022-07-26 14:38:55,298 INFO org.springframework.boot.actuate.endpoint.web.EndpointLinksResolver [main] Exposing 1 endpoint(s) beneath base path '/actuator'
2022-07-26 14:38:55,328 INFO org.apache.juli.logging.DirectJDKLog [main] Starting ProtocolHandler ["http-nio-8081"]
2022-07-26 14:38:55,348 INFO org.springframework.boot.web.embedded.tomcat.TomcatWebServer [main] Tomcat started on port(s): 8081 (http) with context path ''
2022-07-26 14:38:55,374 INFO org.springframework.boot.StartupInfoLogger [main] Started TokenProviderApplication in 4.016 seconds (JVM running for 5.85)
2022-07-26 14:48:32,128 INFO org.apache.juli.logging.DirectJDKLog [http-nio-8081-exec-1] Initializing Spring DispatcherServlet 'dispatcherServlet'
2022-07-26 14:48:32,128 INFO org.springframework.web.servlet.FrameworkServlet [http-nio-8081-exec-1] Initializing Servlet 'dispatcherServlet'
2022-07-26 14:48:32,129 INFO org.springframework.web.servlet.FrameworkServlet [http-nio-8081-exec-1] Completed initialization in 1 ms
2022-07-26 14:48:32,206 INFO com.ciandt.token.provider.controllers.TokenController [http-nio-8081-exec-1] Recebido requisição para criação de token para chave: leo
2022-07-26 14:48:32,260 INFO com.ciandt.token.provider.controllers.TokenController [http-nio-8081-exec-1] Token gerado com sucesso
2022-07-26 14:49:31,401 INFO com.ciandt.token.provider.controllers.TokenAuthorizerController [http-nio-8081-exec-2] Recebido requisição para geração de token: leo
2022-07-26 14:49:31,404 INFO com.ciandt.token.provider.controllers.TokenAuthorizerController [http-nio-8081-exec-2] Token validado com sucesso
2022-07-26 14:50:34,654 INFO com.ciandt.token.provider.controllers.TokenAuthorizerController [http-nio-8081-exec-5] Recebido requisição para geração de token: leo
2022-07-26 14:50:34,656 INFO com.ciandt.token.provider.controllers.TokenAuthorizerController [http-nio-8081-exec-5] Token validado com sucesso
2022-07-26 14:52:12,275 INFO com.ciandt.token.provider.controllers.TokenAuthorizerController [http-nio-8081-exec-7] Recebido requisição para geração de token: leo
2022-07-26 14:52:12,279 INFO com.ciandt.token.provider.controllers.TokenAuthorizerController [http-nio-8081-exec-7] Token validado com sucesso
2022-07-26 14:56:19,421 INFO com.ciandt.token.provider.controllers.TokenAuthorizerController [http-nio-8081-exec-9] Recebido requisição para geração de token: leo
2022-07-26 14:56:19,422 INFO com.ciandt.token.provider.controllers.TokenAuthorizerController [http-nio-8081-exec-9] Token validado com sucesso
2022-07-26 15:02:53,639 INFO com.ciandt.token.provider.controllers.TokenAuthorizerController [http-nio-8081-exec-1] Recebido requisição para geração de token: leo
2022-07-26 15:02:53,643 INFO com.ciandt.token.provider.controllers.TokenAuthorizerController [http-nio-8081-exec-1] Token validado com sucesso
2022-07-26 15:07:57,239 INFO com.ciandt.token.provider.controllers.TokenAuthorizerController [http-nio-8081-exec-3] Recebido requisição para geração de token: leo
2022-07-26 15:07:57,243 INFO com.ciandt.token.provider.controllers.TokenAuthorizerController [http-nio-8081-exec-3] Token validado com sucesso
2022-07-26 15:24:00,343 INFO com.ciandt.token.provider.controllers.TokenAuthorizerController [http-nio-8081-exec-5] Recebido requisição para geração de token: leo
2022-07-26 15:24:00,345 INFO com.ciandt.token.provider.controllers.TokenAuthorizerController [http-nio-8081-exec-5] Token validado com sucesso
2022-07-26 15:26:39,525 INFO com.ciandt.token.provider.controllers.TokenAuthorizerController [http-nio-8081-exec-7] Recebido requisição para geração de token: leo
2022-07-26 15:26:39,527 INFO com.ciandt.token.provider.controllers.TokenAuthorizerController [http-nio-8081-exec-7] Token validado com sucesso
